2025-07-17 14:44:42,579 - __main__ - INFO - Data loaded successfully from C:\Users\Minfy.DESKTOP-3E50D5N\Music\customer_lead\data\Lead Scoring.csv
2025-07-17 14:44:42,580 - __main__ - INFO - Dataset shape: (9240, 37)
2025-07-17 14:44:42,581 - __main__ - INFO - Dataset columns: ['Prospect ID', 'Lead Number', 'Lead Origin', 'Lead Source', 'Do Not Email', 'Do Not Call', 'Converted', 'TotalVisits', 'Total Time Spent on Website', 'Page Views Per Visit']...
2025-07-17 14:44:42,581 - __main__ - INFO - Initializing preprocessing pipeline
2025-07-17 14:44:42,584 - __main__ - INFO - Initialized LeadDataPreprocessor with output directory: preprocessed_output
2025-07-17 14:44:42,589 - __main__ - INFO - Input data validation passed
2025-07-17 14:44:42,590 - __main__ - INFO - Processing training data
2025-07-17 14:44:42,591 - __main__ - INFO - Performing fit_transform operation
2025-07-17 14:44:42,591 - __main__ - INFO - Starting preprocessing pipeline fitting
2025-07-17 14:44:42,592 - __main__ - INFO - Preparing data for preprocessing
2025-07-17 14:44:42,596 - __main__ - INFO - Data preparation complete:
2025-07-17 14:44:42,597 - __main__ - INFO -   Initial shape: (9240, 37)
2025-07-17 14:44:42,598 - __main__ - INFO -   Columns removed: 14
2025-07-17 14:44:42,599 - __main__ - INFO -   Final shape: (9240, 23)
2025-07-17 14:44:42,600 - __main__ - INFO - Feature availability summary:
2025-07-17 14:44:42,601 - __main__ - INFO -   Numerical features: 5
2025-07-17 14:44:42,603 - __main__ - INFO -   High importance categorical: 8
2025-07-17 14:44:42,605 - __main__ - INFO -   Medium importance categorical: 7
2025-07-17 14:44:42,606 - __main__ - INFO -   Binary features: 3
2025-07-17 14:44:42,606 - __main__ - INFO -   Features to drop: 0
2025-07-17 14:44:42,608 - __main__ - INFO - Creating numerical pipeline for 5 features
2025-07-17 14:44:42,609 - __main__ - INFO - Creating high-importance categorical pipeline for 8 features
2025-07-17 14:44:42,609 - __main__ - INFO - Creating medium-importance categorical pipeline for 7 features
2025-07-17 14:44:42,610 - __main__ - INFO - Creating binary pipeline for 3 features
2025-07-17 14:44:42,611 - __main__ - INFO - Combining 4 preprocessing pipelines
2025-07-17 14:44:42,611 - __main__ - INFO - Fitting complete preprocessing pipeline
2025-07-17 14:44:42,676 - __main__ - INFO - Fitting MultiColumnLabelEncoder
2025-07-17 14:44:42,687 - __main__ - INFO - Transforming data with MultiColumnLabelEncoder
2025-07-17 14:44:42,712 - __main__ - INFO - Fitting MultiColumnLabelEncoder
2025-07-17 14:44:42,718 - __main__ - INFO - Transforming data with MultiColumnLabelEncoder
2025-07-17 14:44:42,775 - __main__ - INFO - Generated 109 feature names
2025-07-17 14:44:42,777 - __main__ - INFO - Pipeline fitting complete. Generated 109 output features
2025-07-17 14:44:42,778 - __main__ - INFO - Starting data transformation
2025-07-17 14:44:42,779 - __main__ - INFO - Preparing data for preprocessing
2025-07-17 14:44:42,783 - __main__ - INFO - Data preparation complete:
2025-07-17 14:44:42,784 - __main__ - INFO -   Initial shape: (9240, 37)
2025-07-17 14:44:42,786 - __main__ - INFO -   Columns removed: 3
2025-07-17 14:44:42,788 - __main__ - INFO -   Final shape: (9240, 34)
2025-07-17 14:44:42,788 - __main__ - INFO - Applying preprocessing transformations
2025-07-17 14:44:42,822 - __main__ - INFO - Transforming data with MultiColumnLabelEncoder
2025-07-17 14:44:42,848 - __main__ - INFO - Transforming data with MultiColumnLabelEncoder
2025-07-17 14:44:42,890 - __main__ - INFO - Transformation complete:
2025-07-17 14:44:42,890 - __main__ - INFO -   Original shape: (9240, 37)
2025-07-17 14:44:42,891 - __main__ - INFO -   Final shape: (9240, 109)
2025-07-17 14:44:42,891 - __main__ - INFO -   Features generated: 109
2025-07-17 14:44:42,906 - __main__ - INFO -   Numerical features scaled to range: [0.000, 1.000]
2025-07-17 14:44:43,297 - __main__ - INFO - Processed data saved to: preprocessed_output\data\lead_scoring_processed.csv
2025-07-17 14:44:43,298 - __main__ - INFO - Training data processing completed successfully
2025-07-17 14:44:43,310 - __main__ - INFO - Pipeline saved to: preprocessed_output\models\lead_scoring_pipeline_v1.pkl
2025-07-17 14:44:43,311 - __main__ - INFO - Pipeline saved for production use: preprocessed_output\models\lead_scoring_pipeline_v1.pkl
2025-07-17 14:44:43,314 - __main__ - INFO - Feature documentation saved to: preprocessed_output\logs\feature_documentation.csv
2025-07-17 14:44:43,316 - __main__ - INFO - Feature documentation generated
2025-07-17 14:44:43,319 - __main__ - ERROR - Failed to save pipeline or documentation: 'charmap' codec can't encode characters in position 2601-2603: character maps to <undefined>
2025-07-17 14:44:43,430 - __main__ - INFO - Starting data transformation
2025-07-17 14:44:43,432 - __main__ - INFO - Preparing data for preprocessing
2025-07-17 14:44:43,438 - __main__ - INFO - Data preparation complete:
2025-07-17 14:44:43,440 - __main__ - INFO -   Initial shape: (50, 29)
2025-07-17 14:44:43,441 - __main__ - INFO -   Columns removed: 3
2025-07-17 14:44:43,442 - __main__ - INFO -   Final shape: (50, 26)
2025-07-17 14:44:43,444 - __main__ - INFO - Applying preprocessing transformations
2025-07-17 14:44:43,459 - __main__ - INFO - Transforming data with MultiColumnLabelEncoder
2025-07-17 14:44:43,461 - __main__ - WARNING - Unseen categories in column_0: {'HR Management'}
2025-07-17 14:44:43,465 - __main__ - WARNING - Unseen categories in column_1: {'Delhi', 'Chennai', 'Kolkata', 'Bangalore'}
2025-07-17 14:44:43,471 - __main__ - WARNING - Unseen categories in column_2: {'Advertisement', 'Word of Mouth'}
2025-07-17 14:44:43,475 - __main__ - WARNING - Unseen categories in column_3: {'Brand', 'Price', 'Flexibility', 'Quality'}
2025-07-17 14:44:43,479 - __main__ - WARNING - Unseen categories in column_4: {'UK', 'USA'}
2025-07-17 14:44:43,485 - __main__ - INFO - Transforming data with MultiColumnLabelEncoder
2025-07-17 14:44:43,490 - __main__ - INFO - Transformation complete:
2025-07-17 14:44:43,492 - __main__ - INFO -   Original shape: (50, 29)
2025-07-17 14:44:43,495 - __main__ - INFO -   Final shape: (50, 109)
2025-07-17 14:44:43,497 - __main__ - INFO -   Features generated: 109
2025-07-17 14:44:43,507 - __main__ - INFO -   Numerical features scaled to range: [-1.222, 9.667]
2025-07-17 14:46:50,139 - __main__ - INFO - Data loaded successfully from C:\Users\Minfy.DESKTOP-3E50D5N\Music\customer_lead\data\Lead Scoring.csv
2025-07-17 14:46:50,140 - __main__ - INFO - Dataset shape: (9240, 37)
2025-07-17 14:46:50,140 - __main__ - INFO - Dataset columns: ['Prospect ID', 'Lead Number', 'Lead Origin', 'Lead Source', 'Do Not Email', 'Do Not Call', 'Converted', 'TotalVisits', 'Total Time Spent on Website', 'Page Views Per Visit']...
2025-07-17 14:46:50,141 - __main__ - INFO - Initializing preprocessing pipeline
2025-07-17 14:46:50,144 - __main__ - INFO - Initialized LeadDataPreprocessor with output directory: preprocessed_output
2025-07-17 14:46:50,145 - __main__ - INFO - Input data validation passed
2025-07-17 14:46:50,145 - __main__ - INFO - Processing training data
2025-07-17 14:46:50,146 - __main__ - INFO - Performing fit_transform operation
2025-07-17 14:46:50,146 - __main__ - INFO - Starting preprocessing pipeline fitting
2025-07-17 14:46:50,147 - __main__ - INFO - Preparing data for preprocessing
2025-07-17 14:46:50,150 - __main__ - INFO - Data preparation complete:
2025-07-17 14:46:50,151 - __main__ - INFO -   Initial shape: (9240, 37)
2025-07-17 14:46:50,151 - __main__ - INFO -   Columns removed: 14
2025-07-17 14:46:50,151 - __main__ - INFO -   Final shape: (9240, 23)
2025-07-17 14:46:50,152 - __main__ - INFO - Feature availability summary:
2025-07-17 14:46:50,152 - __main__ - INFO -   Numerical features: 5
2025-07-17 14:46:50,153 - __main__ - INFO -   High importance categorical: 8
2025-07-17 14:46:50,153 - __main__ - INFO -   Medium importance categorical: 7
2025-07-17 14:46:50,154 - __main__ - INFO -   Binary features: 3
2025-07-17 14:46:50,154 - __main__ - INFO -   Features to drop: 0
2025-07-17 14:46:50,155 - __main__ - INFO - Creating numerical pipeline for 5 features
2025-07-17 14:46:50,155 - __main__ - INFO - Creating high-importance categorical pipeline for 8 features
2025-07-17 14:46:50,155 - __main__ - INFO - Creating medium-importance categorical pipeline for 7 features
2025-07-17 14:46:50,156 - __main__ - INFO - Creating binary pipeline for 3 features
2025-07-17 14:46:50,156 - __main__ - INFO - Combining 4 preprocessing pipelines
2025-07-17 14:46:50,157 - __main__ - INFO - Fitting complete preprocessing pipeline
2025-07-17 14:46:50,195 - __main__ - INFO - Fitting MultiColumnLabelEncoder
2025-07-17 14:46:50,202 - __main__ - INFO - Transforming data with MultiColumnLabelEncoder
2025-07-17 14:46:50,222 - __main__ - INFO - Fitting MultiColumnLabelEncoder
2025-07-17 14:46:50,225 - __main__ - INFO - Transforming data with MultiColumnLabelEncoder
2025-07-17 14:46:50,260 - __main__ - INFO - Generated 109 feature names
2025-07-17 14:46:50,261 - __main__ - INFO - Pipeline fitting complete. Generated 109 output features
2025-07-17 14:46:50,262 - __main__ - INFO - Starting data transformation
2025-07-17 14:46:50,262 - __main__ - INFO - Preparing data for preprocessing
2025-07-17 14:46:50,266 - __main__ - INFO - Data preparation complete:
2025-07-17 14:46:50,266 - __main__ - INFO -   Initial shape: (9240, 37)
2025-07-17 14:46:50,267 - __main__ - INFO -   Columns removed: 3
2025-07-17 14:46:50,268 - __main__ - INFO -   Final shape: (9240, 34)
2025-07-17 14:46:50,268 - __main__ - INFO - Applying preprocessing transformations
2025-07-17 14:46:50,293 - __main__ - INFO - Transforming data with MultiColumnLabelEncoder
2025-07-17 14:46:50,311 - __main__ - INFO - Transforming data with MultiColumnLabelEncoder
2025-07-17 14:46:50,336 - __main__ - INFO - Transformation complete:
2025-07-17 14:46:50,337 - __main__ - INFO -   Original shape: (9240, 37)
2025-07-17 14:46:50,337 - __main__ - INFO -   Final shape: (9240, 109)
2025-07-17 14:46:50,338 - __main__ - INFO -   Features generated: 109
2025-07-17 14:46:50,345 - __main__ - INFO -   Numerical features scaled to range: [0.000, 1.000]
2025-07-17 14:46:50,591 - __main__ - INFO - Processed data saved to: preprocessed_output\data\lead_scoring_processed.csv
2025-07-17 14:46:50,593 - __main__ - INFO - Training data processing completed successfully
2025-07-17 14:46:50,597 - __main__ - INFO - Pipeline saved to: preprocessed_output\models\lead_scoring_pipeline_v1.pkl
2025-07-17 14:46:50,598 - __main__ - INFO - Pipeline saved for production use: preprocessed_output\models\lead_scoring_pipeline_v1.pkl
2025-07-17 14:46:50,600 - __main__ - INFO - Feature documentation saved to: preprocessed_output\logs\feature_documentation.csv
2025-07-17 14:46:50,601 - __main__ - INFO - Feature documentation generated
2025-07-17 14:46:50,602 - __main__ - ERROR - Failed to save pipeline or documentation: 'charmap' codec can't encode characters in position 2601-2603: character maps to <undefined>
2025-07-17 14:46:50,661 - __main__ - INFO - Starting data transformation
2025-07-17 14:46:50,662 - __main__ - INFO - Preparing data for preprocessing
2025-07-17 14:46:50,663 - __main__ - INFO - Data preparation complete:
2025-07-17 14:46:50,664 - __main__ - INFO -   Initial shape: (50, 29)
2025-07-17 14:46:50,666 - __main__ - INFO -   Columns removed: 3
2025-07-17 14:46:50,666 - __main__ - INFO -   Final shape: (50, 26)
2025-07-17 14:46:50,667 - __main__ - INFO - Applying preprocessing transformations
2025-07-17 14:46:50,674 - __main__ - INFO - Transforming data with MultiColumnLabelEncoder
2025-07-17 14:46:50,675 - __main__ - WARNING - Unseen categories in column_0: {'HR Management'}
2025-07-17 14:46:50,677 - __main__ - WARNING - Unseen categories in column_1: {'Delhi', 'Chennai', 'Bangalore', 'Kolkata'}
2025-07-17 14:46:50,680 - __main__ - WARNING - Unseen categories in column_2: {'Word of Mouth', 'Advertisement'}
2025-07-17 14:46:50,683 - __main__ - WARNING - Unseen categories in column_3: {'Price', 'Brand', 'Quality', 'Flexibility'}
2025-07-17 14:46:50,685 - __main__ - WARNING - Unseen categories in column_4: {'UK', 'USA'}
2025-07-17 14:46:50,688 - __main__ - INFO - Transforming data with MultiColumnLabelEncoder
2025-07-17 14:46:50,692 - __main__ - INFO - Transformation complete:
2025-07-17 14:46:50,693 - __main__ - INFO -   Original shape: (50, 29)
2025-07-17 14:46:50,694 - __main__ - INFO -   Final shape: (50, 109)
2025-07-17 14:46:50,694 - __main__ - INFO -   Features generated: 109
2025-07-17 14:46:50,696 - __main__ - INFO -   Numerical features scaled to range: [-1.222, 9.667]
